<?xml version="1.0" encoding="UTF-8"?>
<!-- Generated by org.testng.reporters.JUnitReportReporter -->
<testsuite hostname="LAPTOP-IED5V1BU" failures="0" tests="1" name="com.hrms.TestSripts.TC002" time="27.006" errors="0" timestamp="24 Jun 2021 07:25:38 GMT">
  <testcase classname="com.hrms.TestSripts.TC002" name="tc002" time="27.006"/>
</testsuite> <!-- com.hrms.TestSripts.TC002 -->
