<?xml version="1.0" encoding="UTF-8"?>
<!-- Generated by org.testng.reporters.JUnitReportReporter -->
<testsuite hostname="LAPTOP-IED5V1BU" failures="0" tests="2" name="testNG_EX.TC001_LIN_LO" time="12.669" errors="0" timestamp="23 Jun 2021 18:34:23 GMT">
  <testcase classname="testNG_EX.TC001_LIN_LO" name="logout" time="7.463"/>
  <testcase classname="testNG_EX.TC001_LIN_LO" name="login" time="5.206"/>
</testsuite> <!-- testNG_EX.TC001_LIN_LO -->
