<?xml version="1.0" encoding="UTF-8"?>
<!-- Generated by org.testng.reporters.JUnitReportReporter -->
<testsuite hostname="LAPTOP-IED5V1BU" failures="0" tests="2" name="testNG_EX.WD_TNG_EX" time="0.008" errors="0" timestamp="19 Jun 2021 07:47:22 GMT">
  <testcase classname="testNG_EX.WD_TNG_EX" name="logout" time="0.003"/>
  <testcase classname="testNG_EX.WD_TNG_EX" name="add_emp" time="0.005"/>
</testsuite> <!-- testNG_EX.WD_TNG_EX -->
