<?xml version="1.0" encoding="UTF-8"?>
<!-- Generated by org.testng.reporters.JUnitReportReporter -->
<testsuite hostname="LAPTOP-IED5V1BU" failures="0" tests="1" name="com.hrms.TestSripts.TC001" time="20.726" errors="0" timestamp="24 Jun 2021 07:25:38 GMT">
  <testcase classname="com.hrms.TestSripts.TC001" name="tc001" time="20.726"/>
</testsuite> <!-- com.hrms.TestSripts.TC001 -->
