<?xml version="1.0" encoding="UTF-8"?>
<!-- Generated by org.testng.reporters.JUnitReportReporter -->
<testsuite hostname="LAPTOP-IED5V1BU" failures="0" tests="1" name="testNG_EX.DragAndDrop" time="20.122" errors="0" timestamp="21 Jun 2021 16:46:53 GMT">
  <testcase classname="testNG_EX.DragAndDrop" name="testDragDrop" time="20.122"/>
</testsuite> <!-- testNG_EX.DragAndDrop -->
