<?xml version="1.0" encoding="UTF-8"?>
<!-- Generated by org.testng.reporters.JUnitReportReporter -->
<testsuite hostname="LAPTOP-IED5V1BU" failures="0" tests="1" name="testNG_EX.TC003_SS" time="16.207" errors="0" timestamp="21 Jun 2021 17:41:30 GMT">
  <testcase classname="testNG_EX.TC003_SS" name="screenshot" time="16.207"/>
</testsuite> <!-- testNG_EX.TC003_SS -->
